0 info it worked if it ends with ok
1 verbose cli [ '/opt/local/bin/node',
1 verbose cli   '/opt/local/bin/npm',
1 verbose cli   'install',
1 verbose cli   '-g',
1 verbose cli   'react-native-cli' ]
2 info using npm@2.14.3
3 info using node@v0.12.7
4 verbose install initial load of /opt/local/lib/package.json
5 verbose readDependencies loading dependencies from /opt/local/lib/package.json
6 silly cache add args [ 'react-native-cli', null ]
7 verbose cache add spec react-native-cli
8 silly cache add parsed spec { raw: 'react-native-cli',
8 silly cache add   scope: null,
8 silly cache add   name: 'react-native-cli',
8 silly cache add   rawSpec: '',
8 silly cache add   spec: '*',
8 silly cache add   type: 'range' }
9 silly addNamed react-native-cli@*
10 verbose addNamed "*" is a valid semver range for react-native-cli
11 silly addNameRange { name: 'react-native-cli', range: '*', hasData: false }
12 silly mapToRegistry name react-native-cli
13 silly mapToRegistry using default registry
14 silly mapToRegistry registry https://registry.npmjs.org/
15 silly mapToRegistry uri https://registry.npmjs.org/react-native-cli
16 verbose addNameRange registry:https://registry.npmjs.org/react-native-cli not in flight; fetching
17 verbose request uri https://registry.npmjs.org/react-native-cli
18 verbose request no auth needed
19 info attempt registry request try #1 at 下午2:50:01
20 verbose request id 84f0541b979969c6
21 http request GET https://registry.npmjs.org/react-native-cli
22 http 200 https://registry.npmjs.org/react-native-cli
23 silly get cb [ 200,
23 silly get   { server: 'CouchDB/1.5.0 (Erlang OTP/R16B03)',
23 silly get     etag: '"35X8912APVX4ED83C1MAEWL9D"',
23 silly get     'content-type': 'application/json',
23 silly get     'content-encoding': 'gzip',
23 silly get     'cache-control': 'max-age=300',
23 silly get     'content-length': '4368',
23 silly get     'accept-ranges': 'bytes',
23 silly get     date: 'Mon, 30 May 2016 06:49:42 GMT',
23 silly get     via: '1.1 varnish',
23 silly get     age: '262',
23 silly get     connection: 'keep-alive',
23 silly get     'x-served-by': 'cache-sin6927-SIN',
23 silly get     'x-cache': 'HIT',
23 silly get     'x-cache-hits': '1',
23 silly get     'x-timer': 'S1464590982.194524,VS0,VE0',
23 silly get     vary: 'Accept-Encoding' } ]
24 verbose get saving react-native-cli to /Users/apple/.npm/registry.npmjs.org/react-native-cli/.cache.json
25 silly addNameRange number 2 { name: 'react-native-cli', range: '*', hasData: true }
26 silly addNameRange versions [ 'react-native-cli',
26 silly addNameRange   [ '0.0.0',
26 silly addNameRange     '0.0.1',
26 silly addNameRange     '0.1.2',
26 silly addNameRange     '0.1.3',
26 silly addNameRange     '0.1.4',
26 silly addNameRange     '0.1.5',
26 silly addNameRange     '0.1.7',
26 silly addNameRange     '0.1.8',
26 silly addNameRange     '0.1.9',
26 silly addNameRange     '0.1.10',
26 silly addNameRange     '0.2.0' ] ]
27 silly addNamed react-native-cli@0.2.0
28 verbose addNamed "0.2.0" is a plain semver version for react-native-cli
29 silly mapToRegistry name react-native-cli
30 silly mapToRegistry using default registry
31 silly mapToRegistry registry https://registry.npmjs.org/
32 silly mapToRegistry uri https://registry.npmjs.org/react-native-cli
33 verbose addRemoteTarball https://registry.npmjs.org/react-native-cli/-/react-native-cli-0.2.0.tgz not in flight; adding
34 verbose addRemoteTarball [ 'https://registry.npmjs.org/react-native-cli/-/react-native-cli-0.2.0.tgz',
34 verbose addRemoteTarball   'd0559ab2f964de40b2788708c0779c9b0493a0ed' ]
35 info retry fetch attempt 1 at 下午2:50:02
36 info attempt registry request try #1 at 下午2:50:02
37 http fetch GET https://registry.npmjs.org/react-native-cli/-/react-native-cli-0.2.0.tgz
38 http fetch 200 https://registry.npmjs.org/react-native-cli/-/react-native-cli-0.2.0.tgz
39 silly fetchAndShaCheck shasum d0559ab2f964de40b2788708c0779c9b0493a0ed
40 verbose addTmpTarball /var/folders/gj/949hjmmd77bdm01mgyq7msch0000gn/T/npm-73225-37750d5b/registry.npmjs.org/react-native-cli/-/react-native-cli-0.2.0.tgz not in flight; adding
41 verbose addTmpTarball already have metadata; skipping unpack for react-native-cli@0.2.0
42 silly cache afterAdd react-native-cli@0.2.0
43 verbose afterAdd /Users/apple/.npm/react-native-cli/0.2.0/package/package.json not in flight; writing
44 verbose afterAdd /Users/apple/.npm/react-native-cli/0.2.0/package/package.json written
45 silly install resolved [ { name: 'react-native-cli',
45 silly install resolved     version: '0.2.0',
45 silly install resolved     license: 'BSD-3-Clause',
45 silly install resolved     description: 'The React Native CLI tools',
45 silly install resolved     main: 'index.js',
45 silly install resolved     engines: { node: '>=4' },
45 silly install resolved     repository:
45 silly install resolved      { type: 'git',
45 silly install resolved        url: 'git+https://github.com/facebook/react-native.git' },
45 silly install resolved     scripts: { test: 'mocha' },
45 silly install resolved     bin: { 'react-native': 'index.js' },
45 silly install resolved     dependencies:
45 silly install resolved      { chalk: '^1.1.1',
45 silly install resolved        minimist: '^1.2.0',
45 silly install resolved        prompt: '^0.2.14',
45 silly install resolved        semver: '^5.0.3' },
45 silly install resolved     bugs: { url: 'https://github.com/facebook/react-native/issues' },
45 silly install resolved     homepage: 'https://github.com/facebook/react-native#readme',
45 silly install resolved     _id: 'react-native-cli@0.2.0',
45 silly install resolved     _shasum: 'd0559ab2f964de40b2788708c0779c9b0493a0ed',
45 silly install resolved     _from: 'react-native-cli@*',
45 silly install resolved     _npmVersion: '2.14.12',
45 silly install resolved     _nodeVersion: '4.2.4',
45 silly install resolved     _npmUser: { name: 'bestander', email: 'bestander@gmail.com' },
45 silly install resolved     dist:
45 silly install resolved      { shasum: 'd0559ab2f964de40b2788708c0779c9b0493a0ed',
45 silly install resolved        tarball: 'https://registry.npmjs.org/react-native-cli/-/react-native-cli-0.2.0.tgz' },
45 silly install resolved     maintainers:
45 silly install resolved      [ [Object],
45 silly install resolved        [Object],
45 silly install resolved        [Object],
45 silly install resolved        [Object],
45 silly install resolved        [Object],
45 silly install resolved        [Object],
45 silly install resolved        [Object] ],
45 silly install resolved     _npmOperationalInternal:
45 silly install resolved      { host: 'packages-13-west.internal.npmjs.com',
45 silly install resolved        tmp: 'tmp/react-native-cli-0.2.0.tgz_1458839025760_0.14706380176357925' },
45 silly install resolved     directories: {},
45 silly install resolved     _resolved: 'https://registry.npmjs.org/react-native-cli/-/react-native-cli-0.2.0.tgz' } ]
46 info install react-native-cli@0.2.0 into /opt/local/lib
47 info installOne react-native-cli@0.2.0
48 verbose installOne of react-native-cli to /opt/local/lib not in flight; installing
49 verbose lock using /Users/apple/.npm/_locks/react-native-cli-5c4cae666e1e3bda.lock for /opt/local/lib/node_modules/react-native-cli
50 warn engine react-native-cli@0.2.0: wanted: {"node":">=4"} (current: {"node":"0.12.7","npm":"2.14.3"})
51 silly install write writing react-native-cli 0.2.0 to /opt/local/lib/node_modules/react-native-cli
52 verbose unbuild lib/node_modules/react-native-cli
53 silly gentlyRm /opt/local/lib/node_modules/react-native-cli is being purged from base /opt/local
54 verbose gentlyRm don't care about contents; nuking /opt/local/lib/node_modules/react-native-cli
55 verbose tar unpack /Users/apple/.npm/react-native-cli/0.2.0/package.tgz
56 verbose tar unpacking to /opt/local/lib/node_modules/react-native-cli
57 silly gentlyRm /opt/local/lib/node_modules/react-native-cli is being purged
58 verbose gentlyRm don't care about contents; nuking /opt/local/lib/node_modules/react-native-cli
59 silly gunzTarPerm modes [ '755', '644' ]
60 error tar.unpack untar error /Users/apple/.npm/react-native-cli/0.2.0/package.tgz
61 verbose unlock done using /Users/apple/.npm/_locks/react-native-cli-5c4cae666e1e3bda.lock for /opt/local/lib/node_modules/react-native-cli
62 verbose fstream_path /opt/local/lib/node_modules/react-native-cli
63 verbose fstream_type Directory
64 verbose fstream_class DirWriter
65 verbose stack Error: EACCES, mkdir '/opt/local/lib/node_modules/react-native-cli'
65 verbose stack     at Error (native)
66 verbose fstream_stack /opt/local/lib/node_modules/npm/node_modules/fstream/lib/dir-writer.js:35:25
66 verbose fstream_stack /opt/local/lib/node_modules/npm/node_modules/mkdirp/index.js:47:53
66 verbose fstream_stack FSReqWrap.oncomplete (fs.js:95:15)
67 verbose cwd /Users/apple/Documents/Zoomin/添翼創越/SaraKitchen
68 error Darwin 13.4.0
69 error argv "/opt/local/bin/node" "/opt/local/bin/npm" "install" "-g" "react-native-cli"
70 error node v0.12.7
71 error npm  v2.14.3
72 error path /opt/local/lib/node_modules/react-native-cli
73 error code EACCES
74 error errno -13
75 error Error: EACCES, mkdir '/opt/local/lib/node_modules/react-native-cli'
75 error     at Error (native)
75 error  { [Error: EACCES, mkdir '/opt/local/lib/node_modules/react-native-cli']
75 error   errno: -13,
75 error   code: 'EACCES',
75 error   path: '/opt/local/lib/node_modules/react-native-cli',
75 error   fstream_type: 'Directory',
75 error   fstream_path: '/opt/local/lib/node_modules/react-native-cli',
75 error   fstream_class: 'DirWriter',
75 error   fstream_stack:
75 error    [ '/opt/local/lib/node_modules/npm/node_modules/fstream/lib/dir-writer.js:35:25',
75 error      '/opt/local/lib/node_modules/npm/node_modules/mkdirp/index.js:47:53',
75 error      'FSReqWrap.oncomplete (fs.js:95:15)' ] }
76 error Please try running this command again as root/Administrator.
77 verbose exit [ -13, true ]
78 verbose unbuild lib/node_modules/react-native-cli
79 silly gentlyRm /opt/local/lib/node_modules/react-native-cli is being purged from base /opt/local
80 verbose gentlyRm don't care about contents; nuking /opt/local/lib/node_modules/react-native-cli
